0 info it worked if it ends with ok
1 verbose cli [ 'E:\\node.exe',
1 verbose cli   'E:\\node_modules\\npm\\bin\\npm-cli.js',
1 verbose cli   'run',
1 verbose cli   'dev',
1 verbose cli   '--scripts-prepend-node-path=auto' ]
2 info using npm@3.10.9
3 info using node@v7.2.0
4 verbose run-script [ 'predev', 'dev', 'postdev' ]
5 info lifecycle dumbo@0.0.2~predev: dumbo@0.0.2
6 silly lifecycle dumbo@0.0.2~predev: no script for predev, continuing
7 info lifecycle dumbo@0.0.2~dev: dumbo@0.0.2
8 verbose lifecycle dumbo@0.0.2~dev: unsafe-perm in lifecycle true
9 verbose lifecycle dumbo@0.0.2~dev: PATH: E:\node_modules\npm\bin\node-gyp-bin;D:\git\wepy_dumbo\node_modules\.bin;C:\WINDOWS\system32;C:\WINDOWS;C:\WINDOWS\System32\Wbem;C:\WINDOWS\System32\WindowsPowerShell\v1.0\;C:\WINDOWS\System32\OpenSSH\;E:\;C:\Program Files\Git\cmd;C:\Users\13415\AppData\Local\Microsoft\WindowsApps;C:\Users\13415\AppData\Roaming\npm
10 verbose lifecycle dumbo@0.0.2~dev: CWD: D:\git\wepy_dumbo
11 silly lifecycle dumbo@0.0.2~dev: Args: [ '/d /s /c', 'wepy build --watch' ]
12 silly lifecycle dumbo@0.0.2~dev: Returned: code: 1073807364  signal: null
13 info lifecycle dumbo@0.0.2~dev: Failed to exec dev script
14 verbose stack Error: dumbo@0.0.2 dev: `wepy build --watch`
14 verbose stack Exit status 1073807364
14 verbose stack     at EventEmitter.<anonymous> (E:\node_modules\npm\lib\utils\lifecycle.js:255:16)
14 verbose stack     at emitTwo (events.js:106:13)
14 verbose stack     at EventEmitter.emit (events.js:191:7)
14 verbose stack     at ChildProcess.<anonymous> (E:\node_modules\npm\lib\utils\spawn.js:40:14)
14 verbose stack     at emitTwo (events.js:106:13)
14 verbose stack     at ChildProcess.emit (events.js:191:7)
14 verbose stack     at maybeClose (internal/child_process.js:885:16)
14 verbose stack     at Process.ChildProcess._handle.onexit (internal/child_process.js:226:5)
15 verbose pkgid dumbo@0.0.2
16 verbose cwd D:\git\wepy_dumbo
17 error Windows_NT 10.0.17134
18 error argv "E:\\node.exe" "E:\\node_modules\\npm\\bin\\npm-cli.js" "run" "dev" "--scripts-prepend-node-path=auto"
19 error node v7.2.0
20 error npm  v3.10.9
21 error code ELIFECYCLE
22 error dumbo@0.0.2 dev: `wepy build --watch`
22 error Exit status 1073807364
23 error Failed at the dumbo@0.0.2 dev script 'wepy build --watch'.
23 error Make sure you have the latest version of node.js and npm installed.
23 error If you do, this is most likely a problem with the dumbo package,
23 error not with npm itself.
23 error Tell the author that this fails on your system:
23 error     wepy build --watch
23 error You can get information on how to open an issue for this project with:
23 error     npm bugs dumbo
23 error Or if that isn't available, you can get their info via:
23 error     npm owner ls dumbo
23 error There is likely additional logging output above.
24 verbose exit [ 1, true ]
